<?xml version="1.0" encoding="utf-8"?><testsuites><testsuite name="pytest" errors="0" failures="0" skipped="0" tests="7" time="170.148" timestamp="2025-01-08T15:18:50.523894+00:00" hostname="biobb-runners"><testcase classname="biobb_haddock.test.unitests.test_haddock.test_capri_eval.TestCapriEval" name="test_capri_eval" time="2.572" /><testcase classname="biobb_haddock.test.unitests.test_haddock.test_em_ref.TestEMRef" name="test_em_ref" time="14.392" /><testcase classname="biobb_haddock.test.unitests.test_haddock.test_flex_ref.TestFlexRef" name="test_flex_ref" time="6.245" /><testcase classname="biobb_haddock.test.unitests.test_haddock.test_rigid_body.TestRigidBody" name="test_rigid_body" time="138.176" /><testcase classname="biobb_haddock.test.unitests.test_haddock.test_sele_top.TestSeleTop" name="test_sele_top" time="2.607" /><testcase classname="biobb_haddock.test.unitests.test_haddock.test_sele_top_clusts.TestSeleTopClusts" name="test_sele_top_clusts" time="3.152" /><testcase classname="biobb_haddock.test.unitests.test_haddock.test_topology.TestTopology" name="test_topology" time="2.488" /></testsuite></testsuites>