<?xml version="1.0" encoding="utf-8"?><testsuites name="pytest tests"><testsuite name="pytest" errors="0" failures="0" skipped="0" tests="17" time="180.952" timestamp="2025-06-25T10:37:09.616586+00:00" hostname="fv-az1912-420"><testcase classname="biobb_haddock.test.unitests.test_haddock.test_capri_eval.TestCapriEval" name="test_capri_eval" time="6.591" /><testcase classname="biobb_haddock.test.unitests.test_haddock.test_clust_fcc.TestClustFCC" name="test_clust_fcc" time="1.979" /><testcase classname="biobb_haddock.test.unitests.test_haddock.test_common.TestCreateCfg" name="test_create_cfg_step" time="0.029" /><testcase classname="biobb_haddock.test.unitests.test_haddock.test_common.TestCreateCfg" name="test_create_cfg_run" time="0.002" /><testcase classname="biobb_haddock.test.unitests.test_haddock.test_contact_map.TestContactMap" name="test_contact_map" time="7.049" /><testcase classname="biobb_haddock.test.unitests.test_haddock.test_em_ref.TestEMRef" name="test_em_ref" time="11.479" /><testcase classname="biobb_haddock.test.unitests.test_haddock.test_flex_ref.TestFlexRef" name="test_flex_ref" time="93.782" /><testcase classname="biobb_haddock.test.unitests.test_haddock.test_haddock3_extend.TestHaddock3Extend" name="test_haddock3_extend" time="8.436" /><testcase classname="biobb_haddock.test.unitests.test_haddock.test_haddock3_run.TestHaddock3Run" name="test_haddock3_run" time="12.045" /><testcase classname="biobb_haddock.test.unitests.test_haddock.test_rigid_body.TestRigidBody" name="test_rigid_body" time="26.684" /><testcase classname="biobb_haddock.test.unitests.test_haddock.test_sele_top.TestSeleTop" name="test_sele_top" time="2.525" /><testcase classname="biobb_haddock.test.unitests.test_haddock.test_sele_top_clusts.TestSeleTopClusts" name="test_sele_top_clusts" time="1.868" /><testcase classname="biobb_haddock.test.unitests.test_haddock.test_topology.TestTopology" name="test_topology" time="5.176" /><testcase classname="biobb_haddock.test.unitests.test_haddock_restraints.test_haddock3_accessibility.TestHaddockAccessibility" name="test_capri_eval" time="0.702" /><testcase classname="biobb_haddock.test.unitests.test_haddock_restraints.test_haddock3_actpass_to_ambig.TestHaddockActpassToAmbig" name="test_haddock3_actpass_to_ambig" time="0.649" /><testcase classname="biobb_haddock.test.unitests.test_haddock_restraints.test_haddock3_passive_from_active.TestHaddockPassiveFromActive" name="test_haddock3_passive_from_active" time="0.703" /><testcase classname="biobb_haddock.test.unitests.test_haddock_restraints.test_haddock3_restrain_bodies.TestHaddockRestrainBodies" name="test_capri_eval" time="0.654" /></testsuite></testsuites>