<?xml version="1.0" encoding="utf-8"?><testsuites name="pytest tests"><testsuite name="pytest" errors="0" failures="0" skipped="0" tests="17" time="248.749" timestamp="2025-06-16T10:08:28.459072+00:00" hostname="fv-az1691-763"><testcase classname="biobb_haddock.test.unitests.test_haddock.test_capri_eval.TestCapriEval" name="test_capri_eval" time="6.573" /><testcase classname="biobb_haddock.test.unitests.test_haddock.test_clust_fcc.TestClustFCC" name="test_clust_fcc" time="4.797" /><testcase classname="biobb_haddock.test.unitests.test_haddock.test_common.TestCreateCfg" name="test_create_cfg_step" time="0.027" /><testcase classname="biobb_haddock.test.unitests.test_haddock.test_common.TestCreateCfg" name="test_create_cfg_run" time="0.002" /><testcase classname="biobb_haddock.test.unitests.test_haddock.test_contact_map.TestContactMap" name="test_contact_map" time="10.290" /><testcase classname="biobb_haddock.test.unitests.test_haddock.test_em_ref.TestEMRef" name="test_em_ref" time="14.403" /><testcase classname="biobb_haddock.test.unitests.test_haddock.test_flex_ref.TestFlexRef" name="test_flex_ref" time="103.190" /><testcase classname="biobb_haddock.test.unitests.test_haddock.test_haddock3_extend.TestHaddock3Extend" name="test_haddock3_extend" time="8.217" /><testcase classname="biobb_haddock.test.unitests.test_haddock.test_haddock3_run.TestHaddock3Run" name="test_haddock3_run" time="50.914" /><testcase classname="biobb_haddock.test.unitests.test_haddock.test_rigid_body.TestRigidBody" name="test_rigid_body" time="31.031" /><testcase classname="biobb_haddock.test.unitests.test_haddock.test_sele_top.TestSeleTop" name="test_sele_top" time="5.633" /><testcase classname="biobb_haddock.test.unitests.test_haddock.test_sele_top_clusts.TestSeleTopClusts" name="test_sele_top_clusts" time="5.154" /><testcase classname="biobb_haddock.test.unitests.test_haddock.test_topology.TestTopology" name="test_topology" time="5.205" /><testcase classname="biobb_haddock.test.unitests.test_haddock_restraints.test_haddock3_accessibility.TestHaddockAccessibility" name="test_capri_eval" time="0.698" /><testcase classname="biobb_haddock.test.unitests.test_haddock_restraints.test_haddock3_actpass_to_ambig.TestHaddockActpassToAmbig" name="test_haddock3_actpass_to_ambig" time="0.640" /><testcase classname="biobb_haddock.test.unitests.test_haddock_restraints.test_haddock3_passive_from_active.TestHaddockPassiveFromActive" name="test_haddock3_passive_from_active" time="0.704" /><testcase classname="biobb_haddock.test.unitests.test_haddock_restraints.test_haddock3_restrain_bodies.TestHaddockRestrainBodies" name="test_capri_eval" time="0.643" /></testsuite></testsuites>